{"/home/jtang510/github/justintang510.github.io/src/Info.js": {"path":"/home/jtang510/github/justintang510.github.io/src/Info.js","statementMap":{"0":{"start":{"line":1,"column":13},"end":{"line":41,"column":1}}},"fnMap":{},"branchMap":{},"s":{"0":1},"f":{},"b":{},"_coverageSchema":"1a1c01bbd47fc00a2c39e90264f33305004495a9","hash":"911306d35646f562f7fdfb1d8ab591b01cc79ee4"}
,"/home/jtang510/github/justintang510.github.io/src/components/About.jsx": {"path":"/home/jtang510/github/justintang510.github.io/src/components/About.jsx","statementMap":{"0":{"start":{"line":3,"column":14},"end":{"line":8,"column":1}},"1":{"start":{"line":4,"column":2},"end":{"line":7,"column":8}},"2":{"start":{"line":6,"column":28},"end":{"line":6,"column":46}}},"fnMap":{"0":{"name":"(anonymous_0)","decl":{"start":{"line":3,"column":14},"end":{"line":3,"column":15}},"loc":{"start":{"line":4,"column":2},"end":{"line":7,"column":8}},"line":4},"1":{"name":"(anonymous_1)","decl":{"start":{"line":6,"column":13},"end":{"line":6,"column":14}},"loc":{"start":{"line":6,"column":28},"end":{"line":6,"column":46}},"line":6}},"branchMap":{},"s":{"0":1,"1":1,"2":3},"f":{"0":1,"1":3},"b":{},"_coverageSchema":"1a1c01bbd47fc00a2c39e90264f33305004495a9","hash":"c9cdc3a57dad29c1ecfeb0660a8c541b492e3ef4"}
,"/home/jtang510/github/justintang510.github.io/src/components/App.jsx": {"path":"/home/jtang510/github/justintang510.github.io/src/components/App.jsx","statementMap":{"0":{"start":{"line":9,"column":12},"end":{"line":33,"column":1}},"1":{"start":{"line":10,"column":2},"end":{"line":32,"column":8}}},"fnMap":{"0":{"name":"(anonymous_0)","decl":{"start":{"line":9,"column":12},"end":{"line":9,"column":13}},"loc":{"start":{"line":10,"column":2},"end":{"line":32,"column":8}},"line":10}},"branchMap":{},"s":{"0":1,"1":2},"f":{"0":2},"b":{},"_coverageSchema":"1a1c01bbd47fc00a2c39e90264f33305004495a9","hash":"3e9f88948db99cba4dd114e3412deb7431fdaba4"}
,"/home/jtang510/github/justintang510.github.io/src/components/Contact.jsx": {"path":"/home/jtang510/github/justintang510.github.io/src/components/Contact.jsx","statementMap":{"0":{"start":{"line":6,"column":18},"end":{"line":16,"column":1}},"1":{"start":{"line":18,"column":16},"end":{"line":27,"column":1}},"2":{"start":{"line":19,"column":2},"end":{"line":26,"column":8}},"3":{"start":{"line":22,"column":32},"end":{"line":22,"column":56}},"4":{"start":{"line":23,"column":35},"end":{"line":23,"column":62}},"5":{"start":{"line":24,"column":33},"end":{"line":24,"column":58}}},"fnMap":{"0":{"name":"(anonymous_0)","decl":{"start":{"line":18,"column":16},"end":{"line":18,"column":17}},"loc":{"start":{"line":19,"column":2},"end":{"line":26,"column":8}},"line":19},"1":{"name":"(anonymous_1)","decl":{"start":{"line":22,"column":26},"end":{"line":22,"column":27}},"loc":{"start":{"line":22,"column":32},"end":{"line":22,"column":56}},"line":22},"2":{"name":"(anonymous_2)","decl":{"start":{"line":23,"column":29},"end":{"line":23,"column":30}},"loc":{"start":{"line":23,"column":35},"end":{"line":23,"column":62}},"line":23},"3":{"name":"(anonymous_3)","decl":{"start":{"line":24,"column":27},"end":{"line":24,"column":28}},"loc":{"start":{"line":24,"column":33},"end":{"line":24,"column":58}},"line":24}},"branchMap":{},"s":{"0":1,"1":1,"2":1,"3":0,"4":0,"5":0},"f":{"0":1,"1":0,"2":0,"3":0},"b":{},"_coverageSchema":"1a1c01bbd47fc00a2c39e90264f33305004495a9","hash":"b08ed53bb343686d7ce0e508d47a95ca0b00bb1b"}
,"/home/jtang510/github/justintang510.github.io/src/components/Home.jsx": {"path":"/home/jtang510/github/justintang510.github.io/src/components/Home.jsx","statementMap":{"0":{"start":{"line":6,"column":18},"end":{"line":16,"column":1}},"1":{"start":{"line":18,"column":13},"end":{"line":28,"column":1}},"2":{"start":{"line":19,"column":2},"end":{"line":27,"column":8}},"3":{"start":{"line":23,"column":32},"end":{"line":23,"column":56}},"4":{"start":{"line":24,"column":35},"end":{"line":24,"column":62}},"5":{"start":{"line":25,"column":33},"end":{"line":25,"column":58}}},"fnMap":{"0":{"name":"(anonymous_0)","decl":{"start":{"line":18,"column":13},"end":{"line":18,"column":14}},"loc":{"start":{"line":19,"column":2},"end":{"line":27,"column":8}},"line":19},"1":{"name":"(anonymous_1)","decl":{"start":{"line":23,"column":26},"end":{"line":23,"column":27}},"loc":{"start":{"line":23,"column":32},"end":{"line":23,"column":56}},"line":23},"2":{"name":"(anonymous_2)","decl":{"start":{"line":24,"column":29},"end":{"line":24,"column":30}},"loc":{"start":{"line":24,"column":35},"end":{"line":24,"column":62}},"line":24},"3":{"name":"(anonymous_3)","decl":{"start":{"line":25,"column":27},"end":{"line":25,"column":28}},"loc":{"start":{"line":25,"column":33},"end":{"line":25,"column":58}},"line":25}},"branchMap":{},"s":{"0":1,"1":1,"2":1,"3":0,"4":0,"5":0},"f":{"0":1,"1":0,"2":0,"3":0},"b":{},"_coverageSchema":"1a1c01bbd47fc00a2c39e90264f33305004495a9","hash":"375d4d45922478a8a025ced11abbc0475090c91f"}
,"/home/jtang510/github/justintang510.github.io/src/components/Nav.jsx": {"path":"/home/jtang510/github/justintang510.github.io/src/components/Nav.jsx","statementMap":{"0":{"start":{"line":4,"column":12},"end":{"line":13,"column":1}},"1":{"start":{"line":5,"column":2},"end":{"line":12,"column":11}}},"fnMap":{"0":{"name":"(anonymous_0)","decl":{"start":{"line":4,"column":12},"end":{"line":4,"column":13}},"loc":{"start":{"line":5,"column":2},"end":{"line":12,"column":11}},"line":5}},"branchMap":{},"s":{"0":1,"1":1},"f":{"0":1},"b":{},"_coverageSchema":"1a1c01bbd47fc00a2c39e90264f33305004495a9","hash":"07728a6cee2feb6845b8f0880731dc9e007b727b"}
,"/home/jtang510/github/justintang510.github.io/src/components/Portfolio.jsx": {"path":"/home/jtang510/github/justintang510.github.io/src/components/Portfolio.jsx","statementMap":{"0":{"start":{"line":4,"column":18},"end":{"line":20,"column":1}},"1":{"start":{"line":5,"column":2},"end":{"line":19,"column":8}},"2":{"start":{"line":9,"column":8},"end":{"line":16,"column":10}}},"fnMap":{"0":{"name":"(anonymous_0)","decl":{"start":{"line":4,"column":18},"end":{"line":4,"column":19}},"loc":{"start":{"line":5,"column":2},"end":{"line":19,"column":8}},"line":5},"1":{"name":"(anonymous_1)","decl":{"start":{"line":8,"column":20},"end":{"line":8,"column":21}},"loc":{"start":{"line":9,"column":8},"end":{"line":16,"column":10}},"line":9}},"branchMap":{},"s":{"0":1,"1":1,"2":3},"f":{"0":1,"1":3},"b":{},"_coverageSchema":"1a1c01bbd47fc00a2c39e90264f33305004495a9","hash":"55a1eea5946bb22e52b7f5d90f4244e274b10a4b"}
,"/home/jtang510/github/justintang510.github.io/src/components/ProjectCard.jsx": {"path":"/home/jtang510/github/justintang510.github.io/src/components/ProjectCard.jsx","statementMap":{"0":{"start":{"line":4,"column":18},"end":{"line":7,"column":1}},"1":{"start":{"line":9,"column":20},"end":{"line":21,"column":1}},"2":{"start":{"line":10,"column":2},"end":{"line":20,"column":8}},"3":{"start":{"line":10,"column":42},"end":{"line":10,"column":58}}},"fnMap":{"0":{"name":"(anonymous_0)","decl":{"start":{"line":9,"column":20},"end":{"line":9,"column":21}},"loc":{"start":{"line":10,"column":2},"end":{"line":20,"column":8}},"line":10},"1":{"name":"(anonymous_1)","decl":{"start":{"line":10,"column":36},"end":{"line":10,"column":37}},"loc":{"start":{"line":10,"column":42},"end":{"line":10,"column":58}},"line":10}},"branchMap":{},"s":{"0":1,"1":1,"2":3,"3":0},"f":{"0":3,"1":0},"b":{},"_coverageSchema":"1a1c01bbd47fc00a2c39e90264f33305004495a9","hash":"05d047dfd8ea175deab76e5c44b3de96d120e56b"}
,"/home/jtang510/github/justintang510.github.io/src/components/styled/Navbar.styled.js": {"path":"/home/jtang510/github/justintang510.github.io/src/components/styled/Navbar.styled.js","statementMap":{"0":{"start":{"line":3,"column":15},"end":{"line":17,"column":1}},"1":{"start":{"line":19,"column":13},"end":{"line":44,"column":1}},"2":{"start":{"line":46,"column":17},"end":{"line":91,"column":1}}},"fnMap":{},"branchMap":{},"s":{"0":1,"1":1,"2":1},"f":{},"b":{},"_coverageSchema":"1a1c01bbd47fc00a2c39e90264f33305004495a9","hash":"aa58c62e8f91b925e95d4727a5be0718216c8d66"}
}
