TN:
SF:src/Info.js
FNF:0
FNH:0
DA:1,1
LF:1
LH:1
BRF:0
BRH:0
end_of_record
TN:
SF:src/components/About.jsx
FN:3,(anonymous_0)
FN:6,(anonymous_1)
FNF:2
FNH:2
FNDA:1,(anonymous_0)
FNDA:3,(anonymous_1)
DA:3,1
DA:4,1
DA:6,3
LF:3
LH:3
BRF:0
BRH:0
end_of_record
TN:
SF:src/components/App.jsx
FN:9,(anonymous_0)
FNF:1
FNH:1
FNDA:2,(anonymous_0)
DA:9,1
DA:10,2
LF:2
LH:2
BRF:0
BRH:0
end_of_record
TN:
SF:src/components/Contact.jsx
FN:18,(anonymous_0)
FN:22,(anonymous_1)
FN:23,(anonymous_2)
FN:24,(anonymous_3)
FNF:4
FNH:1
FNDA:1,(anonymous_0)
FNDA:0,(anonymous_1)
FNDA:0,(anonymous_2)
FNDA:0,(anonymous_3)
DA:6,1
DA:18,1
DA:19,1
DA:22,0
DA:23,0
DA:24,0
LF:6
LH:3
BRF:0
BRH:0
end_of_record
TN:
SF:src/components/Home.jsx
FN:18,(anonymous_0)
FN:23,(anonymous_1)
FN:24,(anonymous_2)
FN:25,(anonymous_3)
FNF:4
FNH:1
FNDA:1,(anonymous_0)
FNDA:0,(anonymous_1)
FNDA:0,(anonymous_2)
FNDA:0,(anonymous_3)
DA:6,1
DA:18,1
DA:19,1
DA:23,0
DA:24,0
DA:25,0
LF:6
LH:3
BRF:0
BRH:0
end_of_record
TN:
SF:src/components/Nav.jsx
FN:4,(anonymous_0)
FNF:1
FNH:1
FNDA:1,(anonymous_0)
DA:4,1
DA:5,1
LF:2
LH:2
BRF:0
BRH:0
end_of_record
TN:
SF:src/components/Portfolio.jsx
FN:4,(anonymous_0)
FN:8,(anonymous_1)
FNF:2
FNH:2
FNDA:1,(anonymous_0)
FNDA:3,(anonymous_1)
DA:4,1
DA:5,1
DA:9,3
LF:3
LH:3
BRF:0
BRH:0
end_of_record
TN:
SF:src/components/ProjectCard.jsx
FN:9,(anonymous_0)
FN:10,(anonymous_1)
FNF:2
FNH:1
FNDA:3,(anonymous_0)
FNDA:0,(anonymous_1)
DA:4,1
DA:9,1
DA:10,3
LF:3
LH:3
BRF:0
BRH:0
end_of_record
TN:
SF:src/components/styled/Navbar.styled.js
FNF:0
FNH:0
DA:3,1
DA:19,1
DA:46,1
LF:3
LH:3
BRF:0
BRH:0
end_of_record
